<?xml version="1.0" encoding="UTF-8"?>
<!-- Generated by org.testng.reporters.JUnitReportReporter -->
<testsuite hostname="DESKTOP-HIN4ESK" failures="0" tests="1" name="Jsoup.jsoupdemo" time="0.435" errors="0" timestamp="2024-08-27T08:56:14 IST" skipped="0">
  <testcase classname="Jsoup.jsoupdemo" name="jsoupdemomethod" time="0.435"/>
</testsuite> <!-- Jsoup.jsoupdemo -->
